<?xml version="1.0" encoding="UTF-8"?>
<!-- Generated by org.testng.reporters.JUnitXMLReporter -->
<testsuite ignored="0" hostname="Zareena" failures="8" tests="8" name="Data Driven Tests" time="0.085" errors="0" timestamp="2024-10-18T18:38:43 EDT">
  <testcase classname="apiTest.DDTests" name="testCreateUser" time="0.0">
    <failure type="org.testng.TestNGException" message="
Method public void apiTest.DDTests.testCreateUser(java.lang.String,java.lang.String,java.lang.String,java.lang.String,java.lang.String,java.lang.String,java.lang.String,java.lang.String,java.lang.String) requires a @DataProvider named : PostUser in class apiUtilities.DataProviders">
      <![CDATA[org.testng.TestNGException: 
Method public void apiTest.DDTests.testCreateUser(java.lang.String,java.lang.String,java.lang.String,java.lang.String,java.lang.String,java.lang.String,java.lang.String,java.lang.String,java.lang.String) requires a @DataProvider named : PostUser in class apiUtilities.DataProviders
at java.base/java.util.ArrayList.forEach(ArrayList.java:1511)
... Removed 24 stack frames]]>
    </failure>
  </testcase> <!-- testCreateUser -->
  <testcase classname="apiTest.DDTests" name="testGetAllUsers" time="0.0">
    <failure type="org.testng.TestNGException" message="
Method public void apiTest.DDTests.testGetAllUsers() requires a @DataProvider named : GetAllUser in class apiUtilities.DataProviders">
      <![CDATA[org.testng.TestNGException: 
Method public void apiTest.DDTests.testGetAllUsers() requires a @DataProvider named : GetAllUser in class apiUtilities.DataProviders
at java.base/java.util.ArrayList.forEach(ArrayList.java:1511)
... Removed 24 stack frames]]>
    </failure>
  </testcase> <!-- testGetAllUsers -->
  <testcase classname="apiTest.DDTests" name="testGetUserById" time="0.0">
    <failure type="org.testng.TestNGException" message="
Method public void apiTest.DDTests.testGetUserById(java.lang.String) requires a @DataProvider named : GetUserById in class apiUtilities.DataProviders">
      <![CDATA[org.testng.TestNGException: 
Method public void apiTest.DDTests.testGetUserById(java.lang.String) requires a @DataProvider named : GetUserById in class apiUtilities.DataProviders
at java.base/java.util.ArrayList.forEach(ArrayList.java:1511)
... Removed 24 stack frames]]>
    </failure>
  </testcase> <!-- testGetUserById -->
  <testcase classname="apiTest.DDTests" name="testGetUserByFirstName" time="0.0">
    <failure type="org.testng.TestNGException" message="
Method public void apiTest.DDTests.testGetUserByFirstName(java.lang.String) requires a @DataProvider named : GetUserByFirstName in class apiUtilities.DataProviders">
      <![CDATA[org.testng.TestNGException: 
Method public void apiTest.DDTests.testGetUserByFirstName(java.lang.String) requires a @DataProvider named : GetUserByFirstName in class apiUtilities.DataProviders
at java.base/java.util.ArrayList.forEach(ArrayList.java:1511)
... Removed 24 stack frames]]>
    </failure>
  </testcase> <!-- testGetUserByFirstName -->
  <testcase classname="apiTest.DDTests" name="testUpdateUser" time="0.0">
    <failure type="java.lang.RuntimeException" message="java.io.FileNotFoundException: C:\Users\zaree\eclipse-workspace\user_API2\src\test\resources\testdata\userdata.xlsx (The system cannot find the path specified)">
      <![CDATA[java.lang.RuntimeException: java.io.FileNotFoundException: C:\Users\zaree\eclipse-workspace\user_API2\src\test\resources\testdata\userdata.xlsx (The system cannot find the path specified)
at java.base/java.util.ArrayList.forEach(ArrayList.java:1511)
Caused by: java.io.FileNotFoundException: C:\Users\zaree\eclipse-workspace\user_API2\src\test\resources\testdata\userdata.xlsx (The system cannot find the path specified)
at java.base/java.io.FileInputStream.open0(Native Method)
at java.base/java.io.FileInputStream.open(FileInputStream.java:216)
at java.base/java.io.FileInputStream.<init>(FileInputStream.java:157)
at java.base/java.io.FileInputStream.<init>(FileInputStream.java:111)
at apiUtilities.XLUtility.getRowCount(XLUtility.java:22)
at apiUtilities.DataProviders.getDataFromExcel(DataProviders.java:39)
at apiUtilities.DataProviders.getAllDataPut(DataProviders.java:20)
... 25 more
... Removed 32 stack frames]]>
    </failure>
  </testcase> <!-- testUpdateUser -->
  <testcase classname="apiTest.DDTests" name="testDeleteUserById" time="0.0">
    <failure type="org.testng.TestNGException" message="
Method public void apiTest.DDTests.testDeleteUserById(java.lang.String) requires a @DataProvider named : DeleteUserById in class apiUtilities.DataProviders">
      <![CDATA[org.testng.TestNGException: 
Method public void apiTest.DDTests.testDeleteUserById(java.lang.String) requires a @DataProvider named : DeleteUserById in class apiUtilities.DataProviders
at java.base/java.util.ArrayList.forEach(ArrayList.java:1511)
... Removed 24 stack frames]]>
    </failure>
  </testcase> <!-- testDeleteUserById -->
  <testcase classname="apiTest.DDTests" name="testRecreateUser" time="0.0">
    <failure type="org.testng.TestNGException" message="
Method public void apiTest.DDTests.testRecreateUser(java.lang.String,java.lang.String,java.lang.String,java.lang.String,java.lang.String,java.lang.String,java.lang.String,java.lang.String,java.lang.String) requires a @DataProvider named : PostUser in class apiUtilities.DataProviders">
      <![CDATA[org.testng.TestNGException: 
Method public void apiTest.DDTests.testRecreateUser(java.lang.String,java.lang.String,java.lang.String,java.lang.String,java.lang.String,java.lang.String,java.lang.String,java.lang.String,java.lang.String) requires a @DataProvider named : PostUser in class apiUtilities.DataProviders
at java.base/java.util.ArrayList.forEach(ArrayList.java:1511)
... Removed 24 stack frames]]>
    </failure>
  </testcase> <!-- testRecreateUser -->
  <testcase classname="apiTest.DDTests" name="testDeleteUserByFirstName" time="0.0">
    <failure type="org.testng.TestNGException" message="
Method public void apiTest.DDTests.testDeleteUserByFirstName(java.lang.String) requires a @DataProvider named : DeleteUserByFirstName in class apiUtilities.DataProviders">
      <![CDATA[org.testng.TestNGException: 
Method public void apiTest.DDTests.testDeleteUserByFirstName(java.lang.String) requires a @DataProvider named : DeleteUserByFirstName in class apiUtilities.DataProviders
at java.base/java.util.ArrayList.forEach(ArrayList.java:1511)
... Removed 24 stack frames]]>
    </failure>
  </testcase> <!-- testDeleteUserByFirstName -->
</testsuite> <!-- Data Driven Tests -->
